<?xml version="1.0" encoding="UTF-8"?>
<testng-results ignored="0" total="1" passed="1" failed="0" skipped="0">
  <reporter-output>
  </reporter-output>
  <suite started-at="2023-10-17T07:41:23Z" name="Suite" finished-at="2023-10-17T07:41:33Z" duration-ms="9795">
    <groups>
    </groups>
    <test started-at="2023-10-17T07:41:23Z" name="Test" finished-at="2023-10-17T07:41:33Z" duration-ms="9795">
      <class name="AutomationProject.EarnkaroLoginPage">
        <test-method signature="getLogin()[pri:0, instance:AutomationProject.EarnkaroLoginPage@379614be]" started-at="2023-10-17T07:41:23Z" name="getLogin" finished-at="2023-10-17T07:41:33Z" duration-ms="9751" status="PASS">
          <reporter-output>
          </reporter-output>
        </test-method> <!-- getLogin -->
      </class> <!-- AutomationProject.EarnkaroLoginPage -->
    </test> <!-- Test -->
  </suite> <!-- Suite -->
</testng-results>
