<?xml version="1.0" encoding="UTF-8"?>
<testng-results ignored="0" total="3" passed="2" failed="1" skipped="0">
  <reporter-output>
  </reporter-output>
  <suite started-at="2023-10-19T10:35:08Z" name="Suite" finished-at="2023-10-19T10:35:56Z" duration-ms="47535">
    <groups>
    </groups>
    <test started-at="2023-10-19T10:35:08Z" name="Test" finished-at="2023-10-19T10:35:56Z" duration-ms="47535">
      <class name="AutomationProject.EarnkaroAffHistoryPage">
        <test-method signature="getLogin()[pri:0, instance:AutomationProject.EarnkaroAffHistoryPage@60b4beb4]" started-at="2023-10-19T10:35:42Z" name="getLogin" finished-at="2023-10-19T10:35:56Z" duration-ms="14154" status="FAIL">
          <exception class="org.openqa.selenium.StaleElementReferenceException">
            <message>
              <![CDATA[stale element reference: stale element not found
  (Session info: chrome=118.0.5993.72)
For documentation on this error, please visit: https://www.selenium.dev/documentation/webdriver/troubleshooting/errors#stale-element-reference-exception
Build info: version: '4.14.1', revision: '03f8ede370'
System info: os.name: 'Windows 10', os.arch: 'amd64', os.version: '10.0', java.version: '17.0.1'
Driver info: org.openqa.selenium.chrome.ChromeDriver
Command: [a4550f5af4c901c03c4da1d9116aedaa, getElementText {id=BD3D965B0B85C907D898BB9CA5B5B696_element_2491}]
Capabilities {acceptInsecureCerts: false, browserName: chrome, browserVersion: 118.0.5993.72, chrome: {chromedriverVersion: 118.0.5993.70 (e52f33f30b91..., userDataDir: C:\Users\katak\AppData\Loca...}, fedcm:accounts: true, goog:chromeOptions: {debuggerAddress: localhost:58245}, networkConnectionEnabled: false, pageLoadStrategy: normal, platformName: windows, proxy: Proxy(), se:cdp: ws://localhost:58245/devtoo..., se:cdpVersion: 118.0.5993.72, setWindowRect: true, strictFileInteractability: false, timeouts: {implicit: 0, pageLoad: 300000, script: 30000}, unhandledPromptBehavior: dismiss and notify, webauthn:extension:credBlob: true, webauthn:extension:largeBlob: true, webauthn:extension:minPinLength: true, webauthn:extension:prf: true, webauthn:virtualAuthenticators: true}
Element: [[ChromeDriver: chrome on windows (a4550f5af4c901c03c4da1d9116aedaa)] -> xpath: //div[@class='_16rZTH']/object[1]/a]
Session ID: a4550f5af4c901c03c4da1d9116aedaa]]>
            </message>
            <full-stacktrace>
              <![CDATA[org.openqa.selenium.StaleElementReferenceException: stale element reference: stale element not found
  (Session info: chrome=118.0.5993.72)
For documentation on this error, please visit: https://www.selenium.dev/documentation/webdriver/troubleshooting/errors#stale-element-reference-exception
Build info: version: '4.14.1', revision: '03f8ede370'
System info: os.name: 'Windows 10', os.arch: 'amd64', os.version: '10.0', java.version: '17.0.1'
Driver info: org.openqa.selenium.chrome.ChromeDriver
Command: [a4550f5af4c901c03c4da1d9116aedaa, getElementText {id=BD3D965B0B85C907D898BB9CA5B5B696_element_2491}]
Capabilities {acceptInsecureCerts: false, browserName: chrome, browserVersion: 118.0.5993.72, chrome: {chromedriverVersion: 118.0.5993.70 (e52f33f30b91..., userDataDir: C:\Users\katak\AppData\Loca...}, fedcm:accounts: true, goog:chromeOptions: {debuggerAddress: localhost:58245}, networkConnectionEnabled: false, pageLoadStrategy: normal, platformName: windows, proxy: Proxy(), se:cdp: ws://localhost:58245/devtoo..., se:cdpVersion: 118.0.5993.72, setWindowRect: true, strictFileInteractability: false, timeouts: {implicit: 0, pageLoad: 300000, script: 30000}, unhandledPromptBehavior: dismiss and notify, webauthn:extension:credBlob: true, webauthn:extension:largeBlob: true, webauthn:extension:minPinLength: true, webauthn:extension:prf: true, webauthn:virtualAuthenticators: true}
Element: [[ChromeDriver: chrome on windows (a4550f5af4c901c03c4da1d9116aedaa)] -> xpath: //div[@class='_16rZTH']/object[1]/a]
Session ID: a4550f5af4c901c03c4da1d9116aedaa
at java.base/jdk.internal.reflect.NativeConstructorAccessorImpl.newInstance0(Native Method)
at java.base/jdk.internal.reflect.NativeConstructorAccessorImpl.newInstance(NativeConstructorAccessorImpl.java:77)
at java.base/jdk.internal.reflect.DelegatingConstructorAccessorImpl.newInstance(DelegatingConstructorAccessorImpl.java:45)
at java.base/java.lang.reflect.Constructor.newInstanceWithCaller(Constructor.java:499)
at java.base/java.lang.reflect.Constructor.newInstance(Constructor.java:480)
at org.openqa.selenium.remote.codec.w3c.W3CHttpResponseCodec.createException(W3CHttpResponseCodec.java:200)
at org.openqa.selenium.remote.codec.w3c.W3CHttpResponseCodec.decode(W3CHttpResponseCodec.java:133)
at org.openqa.selenium.remote.codec.w3c.W3CHttpResponseCodec.decode(W3CHttpResponseCodec.java:52)
at org.openqa.selenium.remote.HttpCommandExecutor.execute(HttpCommandExecutor.java:191)
at org.openqa.selenium.remote.service.DriverCommandExecutor.invokeExecute(DriverCommandExecutor.java:200)
at org.openqa.selenium.remote.service.DriverCommandExecutor.execute(DriverCommandExecutor.java:175)
at org.openqa.selenium.remote.RemoteWebDriver.execute(RemoteWebDriver.java:602)
at org.openqa.selenium.remote.RemoteWebElement.execute(RemoteWebElement.java:224)
at org.openqa.selenium.remote.RemoteWebElement.getText(RemoteWebElement.java:192)
at pageobjects.AffHistory.getHistory(AffHistory.java:36)
at AutomationProject.EarnkaroAffHistoryPage.getLogin(EarnkaroAffHistoryPage.java:17)
at java.base/jdk.internal.reflect.NativeMethodAccessorImpl.invoke0(Native Method)
at java.base/jdk.internal.reflect.NativeMethodAccessorImpl.invoke(NativeMethodAccessorImpl.java:77)
at java.base/jdk.internal.reflect.DelegatingMethodAccessorImpl.invoke(DelegatingMethodAccessorImpl.java:43)
at java.base/java.lang.reflect.Method.invoke(Method.java:568)
at org.testng.internal.MethodInvocationHelper.invokeMethod(MethodInvocationHelper.java:124)
at org.testng.internal.Invoker.invokeMethod(Invoker.java:583)
at org.testng.internal.Invoker.invokeTestMethod(Invoker.java:719)
at org.testng.internal.Invoker.invokeTestMethods(Invoker.java:989)
at org.testng.internal.TestMethodWorker.invokeTestMethods(TestMethodWorker.java:125)
at org.testng.internal.TestMethodWorker.run(TestMethodWorker.java:109)
at org.testng.TestRunner.privateRun(TestRunner.java:648)
at org.testng.TestRunner.run(TestRunner.java:505)
at org.testng.SuiteRunner.runTest(SuiteRunner.java:455)
at org.testng.SuiteRunner.runSequentially(SuiteRunner.java:450)
at org.testng.SuiteRunner.privateRun(SuiteRunner.java:415)
at org.testng.SuiteRunner.run(SuiteRunner.java:364)
at org.testng.SuiteRunnerWorker.runSuite(SuiteRunnerWorker.java:52)
at org.testng.SuiteRunnerWorker.run(SuiteRunnerWorker.java:84)
at org.testng.TestNG.runSuitesSequentially(TestNG.java:1208)
at org.testng.TestNG.runSuitesLocally(TestNG.java:1137)
at org.testng.TestNG.runSuites(TestNG.java:1049)
at org.testng.TestNG.run(TestNG.java:1017)
at org.testng.remote.AbstractRemoteTestNG.run(AbstractRemoteTestNG.java:115)
at org.testng.remote.RemoteTestNG.initAndRun(RemoteTestNG.java:251)
at org.testng.remote.RemoteTestNG.main(RemoteTestNG.java:77)
]]>
            </full-stacktrace>
          </exception> <!-- org.openqa.selenium.StaleElementReferenceException -->
          <reporter-output>
          </reporter-output>
        </test-method> <!-- getLogin -->
      </class> <!-- AutomationProject.EarnkaroAffHistoryPage -->
      <class name="AutomationProject.FlipkartSearchPage">
        <test-method signature="getLogin()[pri:0, instance:AutomationProject.FlipkartSearchPage@41005828]" started-at="2023-10-19T10:35:19Z" name="getLogin" finished-at="2023-10-19T10:35:42Z" duration-ms="22908" status="PASS">
          <reporter-output>
          </reporter-output>
        </test-method> <!-- getLogin -->
      </class> <!-- AutomationProject.FlipkartSearchPage -->
      <class name="AutomationProject.EarnkaroLoginPage">
        <test-method signature="getLogin()[pri:0, instance:AutomationProject.EarnkaroLoginPage@44c73c26]" started-at="2023-10-19T10:35:08Z" name="getLogin" finished-at="2023-10-19T10:35:19Z" duration-ms="10363" status="PASS">
          <reporter-output>
          </reporter-output>
        </test-method> <!-- getLogin -->
      </class> <!-- AutomationProject.EarnkaroLoginPage -->
    </test> <!-- Test -->
  </suite> <!-- Suite -->
</testng-results>
