<?xml version="1.0" encoding="UTF-8"?>
<testng-results ignored="0" total="1" passed="1" failed="0" skipped="0">
  <reporter-output>
  </reporter-output>
  <suite started-at="2023-10-17T06:44:28Z" name="Default suite" finished-at="2023-10-17T06:44:41Z" duration-ms="13247">
    <groups>
    </groups>
    <test started-at="2023-10-17T06:44:28Z" name="Default test" finished-at="2023-10-17T06:44:41Z" duration-ms="13247">
      <class name="AutomationProject.EarnkaroLoginPage">
        <test-method signature="getLogin()[pri:0, instance:AutomationProject.EarnkaroLoginPage@48793bef]" started-at="2023-10-17T06:44:28Z" name="getLogin" finished-at="2023-10-17T06:44:41Z" duration-ms="13184" status="PASS">
          <reporter-output>
          </reporter-output>
        </test-method> <!-- getLogin -->
      </class> <!-- AutomationProject.EarnkaroLoginPage -->
    </test> <!-- Default test -->
  </suite> <!-- Default suite -->
</testng-results>
